<?xml version="1.0" encoding="UTF-8"?>
<testng-results ignored="0" total="1" passed="1" failed="0" skipped="0">
  <reporter-output>
  </reporter-output>
  <suite started-at="2022-06-24T22:37:37 BST" name="Default suite" finished-at="2022-06-24T22:37:46 BST" duration-ms="9381">
    <groups>
    </groups>
    <test started-at="2022-06-24T22:37:37 BST" name="Default test" finished-at="2022-06-24T22:37:46 BST" duration-ms="9381">
      <class name="Test.normaltest">
        <test-method signature="Amazontest()[pri:0, instance:Test.normaltest@40ef3420]" started-at="2022-06-24T22:37:37 BST" name="Amazontest" finished-at="2022-06-24T22:37:46 BST" duration-ms="9318" status="PASS">
          <reporter-output>
          </reporter-output>
        </test-method> <!-- Amazontest -->
      </class> <!-- Test.normaltest -->
    </test> <!-- Default test -->
  </suite> <!-- Default suite -->
</testng-results>
